> Task :checkKotlinGradlePluginConfigurationErrors SKIPPED
> Task :compileKotlin UP-TO-DATE
> Task :compileJava NO-SOURCE
> Task :processResources UP-TO-DATE
> Task :classes UP-TO-DATE
> Task :resolveMainClassName

> Task :bootRun

  .   ____          _            __ _ _
 /\\ / ___'_ __ _ _(_)_ __  __ _ \ \ \ \
( ( )\___ | '_ | '_| | '_ \/ _` | \ \ \ \
 \\/  ___)| |_)| | | | | || (_| |  ) ) ) )
  '  |____| .__|_| |_|_| |_\__, | / / / /
 =========|_|==============|___/=/_/_/_/

 :: Spring Boot ::                (v4.0.5)

2026-04-09T23:07:56.024+09:00  INFO 14620 --- [gonguham-backend] [           main] c.gonguham.backend.BackendApplicationKt  : Starting BackendApplicationKt using Java 21.0.1 with PID 14620 (C:\Users\dlals\Desktop\GONGUHAM\backend\build\classes\kotlin\main started by dlals in C:\Users\dlals\Desktop\GONGUHAM\backend)
2026-04-09T23:07:56.027+09:00  INFO 14620 --- [gonguham-backend] [           main] c.gonguham.backend.BackendApplicationKt  : No active profile set, falling back to 1 default profile: "local"
2026-04-09T23:07:56.865+09:00  INFO 14620 --- [gonguham-backend] [           main] .s.d.r.c.RepositoryConfigurationDelegate : Bootstrapping Spring Data JPA repositories in DEFAULT mode.
2026-04-09T23:07:56.936+09:00  INFO 14620 --- [gonguham-backend] [           main] .s.d.r.c.RepositoryConfigurationDelegate : Finished Spring Data repository scanning in 63 ms. Found 13 JPA repository interfaces.
2026-04-09T23:07:57.380+09:00  INFO 14620 --- [gonguham-backend] [           main] o.s.boot.tomcat.TomcatWebServer          : Tomcat initialized with port 8080 (http)
2026-04-09T23:07:57.393+09:00  INFO 14620 --- [gonguham-backend] [           main] o.apache.catalina.core.StandardService   : Starting service [Tomcat]
2026-04-09T23:07:57.393+09:00  INFO 14620 --- [gonguham-backend] [           main] o.apache.catalina.core.StandardEngine    : Starting Servlet engine: [Apache Tomcat/11.0.20]
2026-04-09T23:07:57.445+09:00  INFO 14620 --- [gonguham-backend] [           main] b.w.c.s.WebApplicationContextInitializer : Root WebApplicationContext: initialization completed in 1375 ms
2026-04-09T23:07:57.765+09:00  INFO 14620 --- [gonguham-backend] [           main] com.zaxxer.hikari.HikariDataSource       : HikariPool-1 - Starting...
2026-04-09T23:07:57.889+09:00  INFO 14620 --- [gonguham-backend] [           main] com.zaxxer.hikari.pool.HikariPool        : HikariPool-1 - Added connection org.postgresql.jdbc.PgConnection@c82ad22
2026-04-09T23:07:57.891+09:00  INFO 14620 --- [gonguham-backend] [           main] com.zaxxer.hikari.HikariDataSource       : HikariPool-1 - Start completed.
2026-04-09T23:07:57.914+09:00  INFO 14620 --- [gonguham-backend] [           main] org.flywaydb.core.FlywayExecutor         : Database: jdbc:postgresql://localhost:5432/gonguham (PostgreSQL 17.9)
2026-04-09T23:07:57.962+09:00  INFO 14620 --- [gonguham-backend] [           main] o.f.core.internal.command.DbValidate     : Successfully validated 1 migration (execution time 00:00.023s)
2026-04-09T23:07:57.993+09:00  INFO 14620 --- [gonguham-backend] [           main] o.f.core.internal.command.DbMigrate      : Current version of schema "public": 1
2026-04-09T23:07:57.996+09:00  INFO 14620 --- [gonguham-backend] [           main] o.f.core.internal.command.DbMigrate      : Schema "public" is up to date. No migration necessary.
2026-04-09T23:07:58.083+09:00  INFO 14620 --- [gonguham-backend] [           main] org.hibernate.orm.jpa                    : HHH008540: Processing PersistenceUnitInfo [name: default]
2026-04-09T23:07:58.137+09:00  INFO 14620 --- [gonguham-backend] [           main] org.hibernate.orm.core                   : HHH000001: Hibernate ORM core version 7.2.7.Final
2026-04-09T23:07:58.595+09:00  INFO 14620 --- [gonguham-backend] [           main] o.s.o.j.p.SpringPersistenceUnitInfo      : No LoadTimeWeaver setup: ignoring JPA class transformer
2026-04-09T23:07:58.679+09:00  INFO 14620 --- [gonguham-backend] [           main] org.hibernate.orm.connections.pooling    : HHH10001005: Database info:
	Database JDBC URL [jdbc:postgresql://localhost:5432/gonguham]
	Database driver: PostgreSQL JDBC Driver
	Database dialect: PostgreSQLDialect
	Database version: 17.9
	Default catalog/schema: gonguham/public
	Autocommit mode: undefined/unknown
	Isolation level: READ_COMMITTED [default READ_COMMITTED]
	JDBC fetch size: none
	Pool: DataSourceConnectionProvider
	Minimum pool size: undefined/unknown
	Maximum pool size: undefined/unknown
2026-04-09T23:07:59.753+09:00  INFO 14620 --- [gonguham-backend] [           main] org.hibernate.orm.core                   : HHH000489: No JTA platform available (set 'hibernate.transaction.jta.platform' to enable JTA platform integration)
2026-04-09T23:07:59.798+09:00  INFO 14620 --- [gonguham-backend] [           main] j.LocalContainerEntityManagerFactoryBean : Initialized JPA EntityManagerFactory for persistence unit 'default'
2026-04-09T23:07:59.871+09:00  INFO 14620 --- [gonguham-backend] [           main] o.s.d.j.r.query.QueryEnhancerFactories   : Hibernate is in classpath; If applicable, HQL parser will be used.
2026-04-09T23:08:00.621+09:00  WARN 14620 --- [gonguham-backend] [           main] .s.a.UserDetailsServiceAutoConfiguration : 

Using generated security password: 33aa464c-009d-4461-ad12-090960547270

This generated password is for development use only. Your security configuration must be updated before running your application in production.

2026-04-09T23:08:00.629+09:00  INFO 14620 --- [gonguham-backend] [           main] r$InitializeUserDetailsManagerConfigurer : Global AuthenticationManager configured with UserDetailsService bean with name inMemoryUserDetailsManager
2026-04-09T23:08:01.036+09:00  INFO 14620 --- [gonguham-backend] [           main] o.s.boot.tomcat.TomcatWebServer          : Tomcat started on port 8080 (http) with context path '/'
2026-04-09T23:08:01.041+09:00  INFO 14620 --- [gonguham-backend] [           main] c.gonguham.backend.BackendApplicationKt  : Started BackendApplicationKt in 5.397 seconds (process running for 5.747)
2026-04-09T23:08:01.394+09:00 DEBUG 14620 --- [gonguham-backend] [           main] org.hibernate.SQL                        : 
    select
        count(*) 
    from
        users u1_0
2026-04-09T23:08:05.161+09:00  INFO 14620 --- [gonguham-backend] [nio-8080-exec-1] o.a.c.c.C.[Tomcat].[localhost].[/]       : Initializing Spring DispatcherServlet 'dispatcherServlet'
2026-04-09T23:08:05.161+09:00  INFO 14620 --- [gonguham-backend] [nio-8080-exec-1] o.s.web.servlet.DispatcherServlet        : Initializing Servlet 'dispatcherServlet'
2026-04-09T23:08:05.163+09:00  INFO 14620 --- [gonguham-backend] [nio-8080-exec-1] o.s.web.servlet.DispatcherServlet        : Completed initialization in 2 ms
2026-04-09T23:08:05.176+09:00  WARN 14620 --- [gonguham-backend] [nio-8080-exec-1] o.s.w.s.h.HandlerMappingIntrospector     : Cache miss for REQUEST dispatch to '/api/v1/health' (previous null). Performing CorsConfiguration lookup. This is logged once only at WARN level, and every time at TRACE.
2026-04-09T23:08:30.761+09:00 DEBUG 14620 --- [gonguham-backend] [nio-8080-exec-7] org.hibernate.SQL                        : 
    select
        u1_0.id 
    from
        users u1_0 
    where
        u1_0.email=? 
    fetch
        first ? rows only
2026-04-09T23:08:30.855+09:00 DEBUG 14620 --- [gonguham-backend] [nio-8080-exec-7] org.hibernate.SQL                        : 
    insert 
    into
        users
        (created_at, current_checks, email, level, nickname, password_hash, profile_image_url, total_earned_checks) 
    values
        (?, ?, ?, ?, ?, ?, ?, ?)
2026-04-09T23:08:30.880+09:00 DEBUG 14620 --- [gonguham-backend] [nio-8080-exec-7] org.hibernate.SQL                        : 
    select
        ai1_0.id,
        ai1_0.asset_key,
        ai1_0.category,
        ai1_0.is_default,
        ai1_0.name,
        ai1_0.price_checks,
        ai1_0.rarity 
    from
        avatar_items ai1_0 
    where
        ai1_0.is_default=true
2026-04-09T23:08:30.894+09:00 DEBUG 14620 --- [gonguham-backend] [nio-8080-exec-7] org.hibernate.SQL                        : 
    insert 
    into
        user_avatar_items
        (avatar_item_id, purchased_at, user_id) 
    values
        (?, ?, ?)
2026-04-09T23:08:30.897+09:00 DEBUG 14620 --- [gonguham-backend] [nio-8080-exec-7] org.hibernate.SQL                        : 
    insert 
    into
        user_avatar_items
        (avatar_item_id, purchased_at, user_id) 
    values
        (?, ?, ?)
2026-04-09T23:08:30.898+09:00 DEBUG 14620 --- [gonguham-backend] [nio-8080-exec-7] org.hibernate.SQL                        : 
    insert 
    into
        user_avatar_items
        (avatar_item_id, purchased_at, user_id) 
    values
        (?, ?, ?)
2026-04-09T23:08:30.900+09:00 DEBUG 14620 --- [gonguham-backend] [nio-8080-exec-7] org.hibernate.SQL                        : 
    insert 
    into
        user_avatar_items
        (avatar_item_id, purchased_at, user_id) 
    values
        (?, ?, ?)
2026-04-09T23:08:30.901+09:00 DEBUG 14620 --- [gonguham-backend] [nio-8080-exec-7] org.hibernate.SQL                        : 
    insert 
    into
        user_avatar_items
        (avatar_item_id, purchased_at, user_id) 
    values
        (?, ?, ?)
2026-04-09T23:08:30.903+09:00 DEBUG 14620 --- [gonguham-backend] [nio-8080-exec-7] org.hibernate.SQL                        : 
    insert 
    into
        user_avatar_items
        (avatar_item_id, purchased_at, user_id) 
    values
        (?, ?, ?)
2026-04-09T23:08:30.904+09:00 DEBUG 14620 --- [gonguham-backend] [nio-8080-exec-7] org.hibernate.SQL                        : 
    insert 
    into
        user_avatar_items
        (avatar_item_id, purchased_at, user_id) 
    values
        (?, ?, ?)
2026-04-09T23:08:30.908+09:00 DEBUG 14620 --- [gonguham-backend] [nio-8080-exec-7] org.hibernate.SQL                        : 
    insert 
    into
        avatar_profiles
        (body_asset_key, equipped_bottom_item_id, equipped_eyebrow_item_id, equipped_eyelash_item_id, equipped_hair_item_id, equipped_mouth_item_id, equipped_pupil_item_id, equipped_shoes_item_id, equipped_top_item_id, eyebrow_asset_key, eyelash_asset_key, mouth_asset_key, pupil_asset_key, user_id) 
    values
        (?, ?, ?, ?, ?, ?, ?, ?, ?, ?, ?, ?, ?, ?)
2026-04-09T23:08:30.978+09:00 DEBUG 14620 --- [gonguham-backend] [nio-8080-exec-5] org.hibernate.SQL                        : 
    select
        u1_0.id,
        u1_0.created_at,
        u1_0.current_checks,
        u1_0.email,
        u1_0.level,
        u1_0.nickname,
        u1_0.password_hash,
        u1_0.profile_image_url,
        u1_0.total_earned_checks 
    from
        users u1_0 
    where
        u1_0.id=?
2026-04-09T23:09:07.971+09:00 DEBUG 14620 --- [gonguham-backend] [nio-8080-exec-8] org.hibernate.SQL                        : 
    select
        u1_0.id 
    from
        users u1_0 
    where
        u1_0.email=? 
    fetch
        first ? rows only
2026-04-09T23:09:08.039+09:00 DEBUG 14620 --- [gonguham-backend] [nio-8080-exec-8] org.hibernate.SQL                        : 
    insert 
    into
        users
        (created_at, current_checks, email, level, nickname, password_hash, profile_image_url, total_earned_checks) 
    values
        (?, ?, ?, ?, ?, ?, ?, ?)
2026-04-09T23:09:08.041+09:00 DEBUG 14620 --- [gonguham-backend] [nio-8080-exec-8] org.hibernate.SQL                        : 
    select
        ai1_0.id,
        ai1_0.asset_key,
        ai1_0.category,
        ai1_0.is_default,
        ai1_0.name,
        ai1_0.price_checks,
        ai1_0.rarity 
    from
        avatar_items ai1_0 
    where
        ai1_0.is_default=true
2026-04-09T23:09:08.043+09:00 DEBUG 14620 --- [gonguham-backend] [nio-8080-exec-8] org.hibernate.SQL                        : 
    insert 
    into
        user_avatar_items
        (avatar_item_id, purchased_at, user_id) 
    values
        (?, ?, ?)
2026-04-09T23:09:08.044+09:00 DEBUG 14620 --- [gonguham-backend] [nio-8080-exec-8] org.hibernate.SQL                        : 
    insert 
    into
        user_avatar_items
        (avatar_item_id, purchased_at, user_id) 
    values
        (?, ?, ?)
2026-04-09T23:09:08.045+09:00 DEBUG 14620 --- [gonguham-backend] [nio-8080-exec-8] org.hibernate.SQL                        : 
    insert 
    into
        user_avatar_items
        (avatar_item_id, purchased_at, user_id) 
    values
        (?, ?, ?)
2026-04-09T23:09:08.046+09:00 DEBUG 14620 --- [gonguham-backend] [nio-8080-exec-8] org.hibernate.SQL                        : 
    insert 
    into
        user_avatar_items
        (avatar_item_id, purchased_at, user_id) 
    values
        (?, ?, ?)
2026-04-09T23:09:08.047+09:00 DEBUG 14620 --- [gonguham-backend] [nio-8080-exec-8] org.hibernate.SQL                        : 
    insert 
    into
        user_avatar_items
        (avatar_item_id, purchased_at, user_id) 
    values
        (?, ?, ?)
2026-04-09T23:09:08.049+09:00 DEBUG 14620 --- [gonguham-backend] [nio-8080-exec-8] org.hibernate.SQL                        : 
    insert 
    into
        user_avatar_items
        (avatar_item_id, purchased_at, user_id) 
    values
        (?, ?, ?)
2026-04-09T23:09:08.050+09:00 DEBUG 14620 --- [gonguham-backend] [nio-8080-exec-8] org.hibernate.SQL                        : 
    insert 
    into
        user_avatar_items
        (avatar_item_id, purchased_at, user_id) 
    values
        (?, ?, ?)
2026-04-09T23:09:08.051+09:00 DEBUG 14620 --- [gonguham-backend] [nio-8080-exec-8] org.hibernate.SQL                        : 
    insert 
    into
        avatar_profiles
        (body_asset_key, equipped_bottom_item_id, equipped_eyebrow_item_id, equipped_eyelash_item_id, equipped_hair_item_id, equipped_mouth_item_id, equipped_pupil_item_id, equipped_shoes_item_id, equipped_top_item_id, eyebrow_asset_key, eyelash_asset_key, mouth_asset_key, pupil_asset_key, user_id) 
    values
        (?, ?, ?, ?, ?, ?, ?, ?, ?, ?, ?, ?, ?, ?)
2026-04-09T23:09:08.072+09:00 DEBUG 14620 --- [gonguham-backend] [io-8080-exec-10] org.hibernate.SQL                        : 
    select
        u1_0.id,
        u1_0.created_at,
        u1_0.current_checks,
        u1_0.email,
        u1_0.level,
        u1_0.nickname,
        u1_0.password_hash,
        u1_0.profile_image_url,
        u1_0.total_earned_checks 
    from
        users u1_0 
    where
        u1_0.id=?
2026-04-09T23:09:08.111+09:00 DEBUG 14620 --- [gonguham-backend] [io-8080-exec-10] org.hibernate.SQL                        : 
    select
        ap1_0.id,
        ap1_0.body_asset_key,
        ap1_0.equipped_bottom_item_id,
        ap1_0.equipped_eyebrow_item_id,
        ap1_0.equipped_eyelash_item_id,
        ap1_0.equipped_hair_item_id,
        ap1_0.equipped_mouth_item_id,
        ap1_0.equipped_pupil_item_id,
        ap1_0.equipped_shoes_item_id,
        ap1_0.equipped_top_item_id,
        ap1_0.eyebrow_asset_key,
        ap1_0.eyelash_asset_key,
        ap1_0.mouth_asset_key,
        ap1_0.pupil_asset_key,
        ap1_0.user_id 
    from
        avatar_profiles ap1_0 
    where
        ap1_0.user_id=?
2026-04-09T23:09:08.115+09:00 DEBUG 14620 --- [gonguham-backend] [io-8080-exec-10] org.hibernate.SQL                        : 
    select
        ai1_0.id,
        ai1_0.asset_key,
        ai1_0.category,
        ai1_0.is_default,
        ai1_0.name,
        ai1_0.price_checks,
        ai1_0.rarity 
    from
        avatar_items ai1_0 
    where
        ai1_0.id=?
2026-04-09T23:09:08.118+09:00 DEBUG 14620 --- [gonguham-backend] [io-8080-exec-10] org.hibernate.SQL                        : 
    select
        ai1_0.id,
        ai1_0.asset_key,
        ai1_0.category,
        ai1_0.is_default,
        ai1_0.name,
        ai1_0.price_checks,
        ai1_0.rarity 
    from
        avatar_items ai1_0 
    where
        ai1_0.id=?
2026-04-09T23:09:08.120+09:00 DEBUG 14620 --- [gonguham-backend] [io-8080-exec-10] org.hibernate.SQL                        : 
    select
        ai1_0.id,
        ai1_0.asset_key,
        ai1_0.category,
        ai1_0.is_default,
        ai1_0.name,
        ai1_0.price_checks,
        ai1_0.rarity 
    from
        avatar_items ai1_0 
    where
        ai1_0.id=?
2026-04-09T23:09:08.121+09:00 DEBUG 14620 --- [gonguham-backend] [io-8080-exec-10] org.hibernate.SQL                        : 
    select
        ai1_0.id,
        ai1_0.asset_key,
        ai1_0.category,
        ai1_0.is_default,
        ai1_0.name,
        ai1_0.price_checks,
        ai1_0.rarity 
    from
        avatar_items ai1_0 
    where
        ai1_0.id=?
2026-04-09T23:09:08.124+09:00 DEBUG 14620 --- [gonguham-backend] [io-8080-exec-10] org.hibernate.SQL                        : 
    select
        ai1_0.id,
        ai1_0.asset_key,
        ai1_0.category,
        ai1_0.is_default,
        ai1_0.name,
        ai1_0.price_checks,
        ai1_0.rarity 
    from
        avatar_items ai1_0 
    where
        ai1_0.id=?
2026-04-09T23:09:08.126+09:00 DEBUG 14620 --- [gonguham-backend] [io-8080-exec-10] org.hibernate.SQL                        : 
    select
        ai1_0.id,
        ai1_0.asset_key,
        ai1_0.category,
        ai1_0.is_default,
        ai1_0.name,
        ai1_0.price_checks,
        ai1_0.rarity 
    from
        avatar_items ai1_0 
    where
        ai1_0.id=?
2026-04-09T23:09:08.128+09:00 DEBUG 14620 --- [gonguham-backend] [io-8080-exec-10] org.hibernate.SQL                        : 
    select
        ai1_0.id,
        ai1_0.asset_key,
        ai1_0.category,
        ai1_0.is_default,
        ai1_0.name,
        ai1_0.price_checks,
        ai1_0.rarity 
    from
        avatar_items ai1_0 
    where
        ai1_0.id=?
2026-04-09T23:09:08.129+09:00 DEBUG 14620 --- [gonguham-backend] [io-8080-exec-10] org.hibernate.SQL                        : 
    select
        ai1_0.id,
        ai1_0.asset_key,
        ai1_0.category,
        ai1_0.is_default,
        ai1_0.name,
        ai1_0.price_checks,
        ai1_0.rarity 
    from
        avatar_items ai1_0 
    where
        ai1_0.id=?
2026-04-09T23:09:08.130+09:00 DEBUG 14620 --- [gonguham-backend] [io-8080-exec-10] org.hibernate.SQL                        : 
    select
        ai1_0.id,
        ai1_0.asset_key,
        ai1_0.category,
        ai1_0.is_default,
        ai1_0.name,
        ai1_0.price_checks,
        ai1_0.rarity 
    from
        avatar_items ai1_0 
    where
        ai1_0.id=?
2026-04-09T23:09:08.133+09:00 DEBUG 14620 --- [gonguham-backend] [io-8080-exec-10] org.hibernate.SQL                        : 
    select
        ai1_0.id,
        ai1_0.asset_key,
        ai1_0.category,
        ai1_0.is_default,
        ai1_0.name,
        ai1_0.price_checks,
        ai1_0.rarity 
    from
        avatar_items ai1_0 
    where
        ai1_0.id=?
2026-04-09T23:09:08.134+09:00 DEBUG 14620 --- [gonguham-backend] [io-8080-exec-10] org.hibernate.SQL                        : 
    select
        ai1_0.id,
        ai1_0.asset_key,
        ai1_0.category,
        ai1_0.is_default,
        ai1_0.name,
        ai1_0.price_checks,
        ai1_0.rarity 
    from
        avatar_items ai1_0 
    where
        ai1_0.id=?
2026-04-09T23:09:08.240+09:00 DEBUG 14620 --- [gonguham-backend] [nio-8080-exec-3] org.hibernate.SQL                        : 
    select
        u1_0.id,
        u1_0.created_at,
        u1_0.current_checks,
        u1_0.email,
        u1_0.level,
        u1_0.nickname,
        u1_0.password_hash,
        u1_0.profile_image_url,
        u1_0.total_earned_checks 
    from
        users u1_0 
    where
        u1_0.id=?
2026-04-09T23:09:08.269+09:00 DEBUG 14620 --- [gonguham-backend] [nio-8080-exec-3] org.hibernate.SQL                        : 
    select
        sm1_0.id,
        sm1_0.joined_at,
        sm1_0.role,
        sm1_0.status,
        sm1_0.study_id,
        sm1_0.user_id 
    from
        study_memberships sm1_0 
    where
        sm1_0.user_id=? 
        and sm1_0.status=?
2026-04-09T23:09:08.310+09:00 DEBUG 14620 --- [gonguham-backend] [nio-8080-exec-7] org.hibernate.SQL                        : 
    select
        u1_0.id,
        u1_0.created_at,
        u1_0.current_checks,
        u1_0.email,
        u1_0.level,
        u1_0.nickname,
        u1_0.password_hash,
        u1_0.profile_image_url,
        u1_0.total_earned_checks 
    from
        users u1_0 
    where
        u1_0.id=?
2026-04-09T23:09:08.314+09:00 DEBUG 14620 --- [gonguham-backend] [nio-8080-exec-7] org.hibernate.SQL                        : 
    select
        sm1_0.id,
        sm1_0.joined_at,
        sm1_0.role,
        sm1_0.status,
        sm1_0.study_id,
        sm1_0.user_id 
    from
        study_memberships sm1_0 
    where
        sm1_0.user_id=? 
        and sm1_0.status=?
2026-04-09T23:09:11.517+09:00 DEBUG 14620 --- [gonguham-backend] [nio-8080-exec-4] org.hibernate.SQL                        : 
    select
        u1_0.id,
        u1_0.created_at,
        u1_0.current_checks,
        u1_0.email,
        u1_0.level,
        u1_0.nickname,
        u1_0.password_hash,
        u1_0.profile_image_url,
        u1_0.total_earned_checks 
    from
        users u1_0 
    where
        u1_0.id=?
2026-04-09T23:09:11.520+09:00 DEBUG 14620 --- [gonguham-backend] [nio-8080-exec-4] org.hibernate.SQL                        : 
    select
        u1_0.id,
        u1_0.created_at,
        u1_0.current_checks,
        u1_0.email,
        u1_0.level,
        u1_0.nickname,
        u1_0.password_hash,
        u1_0.profile_image_url,
        u1_0.total_earned_checks 
    from
        users u1_0 
    where
        u1_0.id=?
2026-04-09T23:09:11.527+09:00 DEBUG 14620 --- [gonguham-backend] [nio-8080-exec-4] org.hibernate.SQL                        : 
    select
        sm1_0.id,
        sm1_0.joined_at,
        sm1_0.role,
        sm1_0.status,
        sm1_0.study_id,
        sm1_0.user_id 
    from
        study_memberships sm1_0 
    where
        sm1_0.user_id=?
2026-04-09T23:09:11.531+09:00 DEBUG 14620 --- [gonguham-backend] [nio-8080-exec-4] org.hibernate.SQL                        : 
    select
        a1_0.id,
        a1_0.checked_at,
        a1_0.checked_by_user_id,
        a1_0.session_id,
        a1_0.status,
        a1_0.user_id 
    from
        attendances a1_0 
    where
        a1_0.user_id=?
2026-04-09T23:09:11.539+09:00 DEBUG 14620 --- [gonguham-backend] [nio-8080-exec-4] org.hibernate.SQL                        : 
    select
        count(p1_0.id) 
    from
        posts p1_0 
    where
        p1_0.author_user_id=?
2026-04-09T23:09:11.543+09:00 DEBUG 14620 --- [gonguham-backend] [nio-8080-exec-4] org.hibernate.SQL                        : 
    select
        count(pc1_0.id) 
    from
        post_comments pc1_0 
    where
        pc1_0.author_user_id=?
2026-04-09T23:09:11.546+09:00 DEBUG 14620 --- [gonguham-backend] [nio-8080-exec-4] org.hibernate.SQL                        : 
    select
        ap1_0.id,
        ap1_0.body_asset_key,
        ap1_0.equipped_bottom_item_id,
        ap1_0.equipped_eyebrow_item_id,
        ap1_0.equipped_eyelash_item_id,
        ap1_0.equipped_hair_item_id,
        ap1_0.equipped_mouth_item_id,
        ap1_0.equipped_pupil_item_id,
        ap1_0.equipped_shoes_item_id,
        ap1_0.equipped_top_item_id,
        ap1_0.eyebrow_asset_key,
        ap1_0.eyelash_asset_key,
        ap1_0.mouth_asset_key,
        ap1_0.pupil_asset_key,
        ap1_0.user_id 
    from
        avatar_profiles ap1_0 
    where
        ap1_0.user_id=?
2026-04-09T23:09:11.548+09:00 DEBUG 14620 --- [gonguham-backend] [nio-8080-exec-4] org.hibernate.SQL                        : 
    select
        ai1_0.id,
        ai1_0.asset_key,
        ai1_0.category,
        ai1_0.is_default,
        ai1_0.name,
        ai1_0.price_checks,
        ai1_0.rarity 
    from
        avatar_items ai1_0 
    where
        ai1_0.id=?
2026-04-09T23:09:11.551+09:00 DEBUG 14620 --- [gonguham-backend] [nio-8080-exec-4] org.hibernate.SQL                        : 
    select
        ai1_0.id,
        ai1_0.asset_key,
        ai1_0.category,
        ai1_0.is_default,
        ai1_0.name,
        ai1_0.price_checks,
        ai1_0.rarity 
    from
        avatar_items ai1_0 
    where
        ai1_0.id=?
2026-04-09T23:09:11.553+09:00 DEBUG 14620 --- [gonguham-backend] [nio-8080-exec-4] org.hibernate.SQL                        : 
    select
        ai1_0.id,
        ai1_0.asset_key,
        ai1_0.category,
        ai1_0.is_default,
        ai1_0.name,
        ai1_0.price_checks,
        ai1_0.rarity 
    from
        avatar_items ai1_0 
    where
        ai1_0.id=?
2026-04-09T23:09:11.555+09:00 DEBUG 14620 --- [gonguham-backend] [nio-8080-exec-4] org.hibernate.SQL                        : 
    select
        ai1_0.id,
        ai1_0.asset_key,
        ai1_0.category,
        ai1_0.is_default,
        ai1_0.name,
        ai1_0.price_checks,
        ai1_0.rarity 
    from
        avatar_items ai1_0 
    where
        ai1_0.id=?
2026-04-09T23:09:11.557+09:00 DEBUG 14620 --- [gonguham-backend] [nio-8080-exec-4] org.hibernate.SQL                        : 
    select
        ai1_0.id,
        ai1_0.asset_key,
        ai1_0.category,
        ai1_0.is_default,
        ai1_0.name,
        ai1_0.price_checks,
        ai1_0.rarity 
    from
        avatar_items ai1_0 
    where
        ai1_0.id=?
2026-04-09T23:09:11.559+09:00 DEBUG 14620 --- [gonguham-backend] [nio-8080-exec-4] org.hibernate.SQL                        : 
    select
        ai1_0.id,
        ai1_0.asset_key,
        ai1_0.category,
        ai1_0.is_default,
        ai1_0.name,
        ai1_0.price_checks,
        ai1_0.rarity 
    from
        avatar_items ai1_0 
    where
        ai1_0.id=?
2026-04-09T23:09:11.560+09:00 DEBUG 14620 --- [gonguham-backend] [nio-8080-exec-4] org.hibernate.SQL                        : 
    select
        ai1_0.id,
        ai1_0.asset_key,
        ai1_0.category,
        ai1_0.is_default,
        ai1_0.name,
        ai1_0.price_checks,
        ai1_0.rarity 
    from
        avatar_items ai1_0 
    where
        ai1_0.id=?
2026-04-09T23:09:11.562+09:00 DEBUG 14620 --- [gonguham-backend] [nio-8080-exec-4] org.hibernate.SQL                        : 
    select
        ai1_0.id,
        ai1_0.asset_key,
        ai1_0.category,
        ai1_0.is_default,
        ai1_0.name,
        ai1_0.price_checks,
        ai1_0.rarity 
    from
        avatar_items ai1_0 
    where
        ai1_0.id=?
2026-04-09T23:09:11.565+09:00 DEBUG 14620 --- [gonguham-backend] [nio-8080-exec-4] org.hibernate.SQL                        : 
    select
        ai1_0.id,
        ai1_0.asset_key,
        ai1_0.category,
        ai1_0.is_default,
        ai1_0.name,
        ai1_0.price_checks,
        ai1_0.rarity 
    from
        avatar_items ai1_0 
    where
        ai1_0.id=?
2026-04-09T23:09:11.567+09:00 DEBUG 14620 --- [gonguham-backend] [nio-8080-exec-4] org.hibernate.SQL                        : 
    select
        ai1_0.id,
        ai1_0.asset_key,
        ai1_0.category,
        ai1_0.is_default,
        ai1_0.name,
        ai1_0.price_checks,
        ai1_0.rarity 
    from
        avatar_items ai1_0 
    where
        ai1_0.id=?
2026-04-09T23:09:11.569+09:00 DEBUG 14620 --- [gonguham-backend] [nio-8080-exec-4] org.hibernate.SQL                        : 
    select
        ai1_0.id,
        ai1_0.asset_key,
        ai1_0.category,
        ai1_0.is_default,
        ai1_0.name,
        ai1_0.price_checks,
        ai1_0.rarity 
    from
        avatar_items ai1_0 
    where
        ai1_0.id=?
2026-04-09T23:09:11.593+09:00 DEBUG 14620 --- [gonguham-backend] [nio-8080-exec-8] org.hibernate.SQL                        : 
    select
        u1_0.id,
        u1_0.created_at,
        u1_0.current_checks,
        u1_0.email,
        u1_0.level,
        u1_0.nickname,
        u1_0.password_hash,
        u1_0.profile_image_url,
        u1_0.total_earned_checks 
    from
        users u1_0 
    where
        u1_0.id=?
2026-04-09T23:09:11.597+09:00 DEBUG 14620 --- [gonguham-backend] [nio-8080-exec-8] org.hibernate.SQL                        : 
    select
        u1_0.id,
        u1_0.created_at,
        u1_0.current_checks,
        u1_0.email,
        u1_0.level,
        u1_0.nickname,
        u1_0.password_hash,
        u1_0.profile_image_url,
        u1_0.total_earned_checks 
    from
        users u1_0 
    where
        u1_0.id=?
2026-04-09T23:09:11.599+09:00 DEBUG 14620 --- [gonguham-backend] [nio-8080-exec-8] org.hibernate.SQL                        : 
    select
        sm1_0.id,
        sm1_0.joined_at,
        sm1_0.role,
        sm1_0.status,
        sm1_0.study_id,
        sm1_0.user_id 
    from
        study_memberships sm1_0 
    where
        sm1_0.user_id=?
2026-04-09T23:09:11.600+09:00 DEBUG 14620 --- [gonguham-backend] [nio-8080-exec-8] org.hibernate.SQL                        : 
    select
        a1_0.id,
        a1_0.checked_at,
        a1_0.checked_by_user_id,
        a1_0.session_id,
        a1_0.status,
        a1_0.user_id 
    from
        attendances a1_0 
    where
        a1_0.user_id=?
2026-04-09T23:09:11.602+09:00 DEBUG 14620 --- [gonguham-backend] [nio-8080-exec-8] org.hibernate.SQL                        : 
    select
        count(p1_0.id) 
    from
        posts p1_0 
    where
        p1_0.author_user_id=?
2026-04-09T23:09:11.603+09:00 DEBUG 14620 --- [gonguham-backend] [nio-8080-exec-8] org.hibernate.SQL                        : 
    select
        count(pc1_0.id) 
    from
        post_comments pc1_0 
    where
        pc1_0.author_user_id=?
2026-04-09T23:09:11.604+09:00 DEBUG 14620 --- [gonguham-backend] [nio-8080-exec-8] org.hibernate.SQL                        : 
    select
        ap1_0.id,
        ap1_0.body_asset_key,
        ap1_0.equipped_bottom_item_id,
        ap1_0.equipped_eyebrow_item_id,
        ap1_0.equipped_eyelash_item_id,
        ap1_0.equipped_hair_item_id,
        ap1_0.equipped_mouth_item_id,
        ap1_0.equipped_pupil_item_id,
        ap1_0.equipped_shoes_item_id,
        ap1_0.equipped_top_item_id,
        ap1_0.eyebrow_asset_key,
        ap1_0.eyelash_asset_key,
        ap1_0.mouth_asset_key,
        ap1_0.pupil_asset_key,
        ap1_0.user_id 
    from
        avatar_profiles ap1_0 
    where
        ap1_0.user_id=?
2026-04-09T23:09:11.606+09:00 DEBUG 14620 --- [gonguham-backend] [nio-8080-exec-8] org.hibernate.SQL                        : 
    select
        ai1_0.id,
        ai1_0.asset_key,
        ai1_0.category,
        ai1_0.is_default,
        ai1_0.name,
        ai1_0.price_checks,
        ai1_0.rarity 
    from
        avatar_items ai1_0 
    where
        ai1_0.id=?
2026-04-09T23:09:11.608+09:00 DEBUG 14620 --- [gonguham-backend] [nio-8080-exec-8] org.hibernate.SQL                        : 
    select
        ai1_0.id,
        ai1_0.asset_key,
        ai1_0.category,
        ai1_0.is_default,
        ai1_0.name,
        ai1_0.price_checks,
        ai1_0.rarity 
    from
        avatar_items ai1_0 
    where
        ai1_0.id=?
2026-04-09T23:09:11.609+09:00 DEBUG 14620 --- [gonguham-backend] [nio-8080-exec-8] org.hibernate.SQL                        : 
    select
        ai1_0.id,
        ai1_0.asset_key,
        ai1_0.category,
        ai1_0.is_default,
        ai1_0.name,
        ai1_0.price_checks,
        ai1_0.rarity 
    from
        avatar_items ai1_0 
    where
        ai1_0.id=?
2026-04-09T23:09:11.611+09:00 DEBUG 14620 --- [gonguham-backend] [nio-8080-exec-8] org.hibernate.SQL                        : 
    select
        ai1_0.id,
        ai1_0.asset_key,
        ai1_0.category,
        ai1_0.is_default,
        ai1_0.name,
        ai1_0.price_checks,
        ai1_0.rarity 
    from
        avatar_items ai1_0 
    where
        ai1_0.id=?
2026-04-09T23:09:11.613+09:00 DEBUG 14620 --- [gonguham-backend] [nio-8080-exec-8] org.hibernate.SQL                        : 
    select
        ai1_0.id,
        ai1_0.asset_key,
        ai1_0.category,
        ai1_0.is_default,
        ai1_0.name,
        ai1_0.price_checks,
        ai1_0.rarity 
    from
        avatar_items ai1_0 
    where
        ai1_0.id=?
2026-04-09T23:09:11.614+09:00 DEBUG 14620 --- [gonguham-backend] [nio-8080-exec-8] org.hibernate.SQL                        : 
    select
        ai1_0.id,
        ai1_0.asset_key,
        ai1_0.category,
        ai1_0.is_default,
        ai1_0.name,
        ai1_0.price_checks,
        ai1_0.rarity 
    from
        avatar_items ai1_0 
    where
        ai1_0.id=?
2026-04-09T23:09:11.617+09:00 DEBUG 14620 --- [gonguham-backend] [nio-8080-exec-8] org.hibernate.SQL                        : 
    select
        ai1_0.id,
        ai1_0.asset_key,
        ai1_0.category,
        ai1_0.is_default,
        ai1_0.name,
        ai1_0.price_checks,
        ai1_0.rarity 
    from
        avatar_items ai1_0 
    where
        ai1_0.id=?
2026-04-09T23:09:11.618+09:00 DEBUG 14620 --- [gonguham-backend] [nio-8080-exec-8] org.hibernate.SQL                        : 
    select
        ai1_0.id,
        ai1_0.asset_key,
        ai1_0.category,
        ai1_0.is_default,
        ai1_0.name,
        ai1_0.price_checks,
        ai1_0.rarity 
    from
        avatar_items ai1_0 
    where
        ai1_0.id=?
2026-04-09T23:09:11.621+09:00 DEBUG 14620 --- [gonguham-backend] [nio-8080-exec-8] org.hibernate.SQL                        : 
    select
        ai1_0.id,
        ai1_0.asset_key,
        ai1_0.category,
        ai1_0.is_default,
        ai1_0.name,
        ai1_0.price_checks,
        ai1_0.rarity 
    from
        avatar_items ai1_0 
    where
        ai1_0.id=?
2026-04-09T23:09:11.623+09:00 DEBUG 14620 --- [gonguham-backend] [nio-8080-exec-8] org.hibernate.SQL                        : 
    select
        ai1_0.id,
        ai1_0.asset_key,
        ai1_0.category,
        ai1_0.is_default,
        ai1_0.name,
        ai1_0.price_checks,
        ai1_0.rarity 
    from
        avatar_items ai1_0 
    where
        ai1_0.id=?
2026-04-09T23:09:11.626+09:00 DEBUG 14620 --- [gonguham-backend] [nio-8080-exec-8] org.hibernate.SQL                        : 
    select
        ai1_0.id,
        ai1_0.asset_key,
        ai1_0.category,
        ai1_0.is_default,
        ai1_0.name,
        ai1_0.price_checks,
        ai1_0.rarity 
    from
        avatar_items ai1_0 
    where
        ai1_0.id=?
2026-04-09T23:09:13.780+09:00 DEBUG 14620 --- [gonguham-backend] [nio-8080-exec-1] org.hibernate.SQL                        : 
    select
        u1_0.id,
        u1_0.created_at,
        u1_0.current_checks,
        u1_0.email,
        u1_0.level,
        u1_0.nickname,
        u1_0.password_hash,
        u1_0.profile_image_url,
        u1_0.total_earned_checks 
    from
        users u1_0 
    where
        u1_0.id=?
2026-04-09T23:09:13.783+09:00 DEBUG 14620 --- [gonguham-backend] [nio-8080-exec-1] org.hibernate.SQL                        : 
    select
        sm1_0.id,
        sm1_0.joined_at,
        sm1_0.role,
        sm1_0.status,
        sm1_0.study_id,
        sm1_0.user_id 
    from
        study_memberships sm1_0 
    where
        sm1_0.user_id=? 
        and sm1_0.status=?
2026-04-09T23:09:13.799+09:00 DEBUG 14620 --- [gonguham-backend] [nio-8080-exec-1] org.hibernate.SQL                        : 
    select
        s1_0.id,
        s1_0.caution_text,
        s1_0.created_at,
        s1_0.description,
        s1_0.end_date,
        s1_0.end_time,
        s1_0.leader_user_id,
        s1_0.location_text,
        s1_0.location_type,
        s1_0.max_members,
        s1_0.repeat_type,
        s1_0.rules_text,
        s1_0.start_date,
        s1_0.start_time,
        s1_0.status,
        s1_0.supplies_text,
        s1_0.title,
        s1_0.type 
    from
        studies s1_0
2026-04-09T23:09:13.816+09:00 DEBUG 14620 --- [gonguham-backend] [nio-8080-exec-1] org.hibernate.SQL                        : 
    select
        dow1_0.study_id,
        dow1_0.day_of_week 
    from
        study_days_of_week dow1_0 
    where
        dow1_0.study_id=?
2026-04-09T23:09:13.820+09:00 DEBUG 14620 --- [gonguham-backend] [nio-8080-exec-1] org.hibernate.SQL                        : 
    select
        dow1_0.study_id,
        dow1_0.day_of_week 
    from
        study_days_of_week dow1_0 
    where
        dow1_0.study_id=?
2026-04-09T23:09:13.822+09:00 DEBUG 14620 --- [gonguham-backend] [nio-8080-exec-1] org.hibernate.SQL                        : 
    select
        dow1_0.study_id,
        dow1_0.day_of_week 
    from
        study_days_of_week dow1_0 
    where
        dow1_0.study_id=?
2026-04-09T23:09:13.823+09:00 DEBUG 14620 --- [gonguham-backend] [nio-8080-exec-1] org.hibernate.SQL                        : 
    select
        dow1_0.study_id,
        dow1_0.day_of_week 
    from
        study_days_of_week dow1_0 
    where
        dow1_0.study_id=?
2026-04-09T23:09:13.824+09:00 DEBUG 14620 --- [gonguham-backend] [nio-8080-exec-1] org.hibernate.SQL                        : 
    select
        dow1_0.study_id,
        dow1_0.day_of_week 
    from
        study_days_of_week dow1_0 
    where
        dow1_0.study_id=?
2026-04-09T23:09:13.825+09:00 DEBUG 14620 --- [gonguham-backend] [nio-8080-exec-1] org.hibernate.SQL                        : 
    select
        dow1_0.study_id,
        dow1_0.day_of_week 
    from
        study_days_of_week dow1_0 
    where
        dow1_0.study_id=?
2026-04-09T23:09:13.826+09:00 DEBUG 14620 --- [gonguham-backend] [nio-8080-exec-1] org.hibernate.SQL                        : 
    select
        dow1_0.study_id,
        dow1_0.day_of_week 
    from
        study_days_of_week dow1_0 
    where
        dow1_0.study_id=?
2026-04-09T23:09:13.839+09:00 DEBUG 14620 --- [gonguham-backend] [nio-8080-exec-1] org.hibernate.SQL                        : 
    select
        st1_0.id,
        st1_0.name,
        st1_0.study_id 
    from
        study_tags st1_0 
    where
        st1_0.study_id in (?, ?, ?, ?, ?, ?, ?)
2026-04-09T23:09:13.847+09:00 DEBUG 14620 --- [gonguham-backend] [nio-8080-exec-1] org.hibernate.SQL                        : 
    select
        count(sm1_0.id) 
    from
        study_memberships sm1_0 
    where
        sm1_0.study_id=? 
        and sm1_0.status=?
2026-04-09T23:09:13.851+09:00 DEBUG 14620 --- [gonguham-backend] [nio-8080-exec-1] org.hibernate.SQL                        : 
    select
        count(sm1_0.id) 
    from
        study_memberships sm1_0 
    where
        sm1_0.study_id=? 
        and sm1_0.status=?
2026-04-09T23:09:13.854+09:00 DEBUG 14620 --- [gonguham-backend] [nio-8080-exec-1] org.hibernate.SQL                        : 
    select
        count(sm1_0.id) 
    from
        study_memberships sm1_0 
    where
        sm1_0.study_id=? 
        and sm1_0.status=?
2026-04-09T23:09:13.856+09:00 DEBUG 14620 --- [gonguham-backend] [nio-8080-exec-1] org.hibernate.SQL                        : 
    select
        count(sm1_0.id) 
    from
        study_memberships sm1_0 
    where
        sm1_0.study_id=? 
        and sm1_0.status=?
2026-04-09T23:09:13.857+09:00 DEBUG 14620 --- [gonguham-backend] [nio-8080-exec-1] org.hibernate.SQL                        : 
    select
        count(sm1_0.id) 
    from
        study_memberships sm1_0 
    where
        sm1_0.study_id=? 
        and sm1_0.status=?
2026-04-09T23:09:13.859+09:00 DEBUG 14620 --- [gonguham-backend] [nio-8080-exec-1] org.hibernate.SQL                        : 
    select
        count(sm1_0.id) 
    from
        study_memberships sm1_0 
    where
        sm1_0.study_id=? 
        and sm1_0.status=?
2026-04-09T23:09:13.861+09:00 DEBUG 14620 --- [gonguham-backend] [nio-8080-exec-1] org.hibernate.SQL                        : 
    select
        count(sm1_0.id) 
    from
        study_memberships sm1_0 
    where
        sm1_0.study_id=? 
        and sm1_0.status=?
2026-04-09T23:09:13.873+09:00 DEBUG 14620 --- [gonguham-backend] [nio-8080-exec-2] org.hibernate.SQL                        : 
    select
        u1_0.id,
        u1_0.created_at,
        u1_0.current_checks,
        u1_0.email,
        u1_0.level,
        u1_0.nickname,
        u1_0.password_hash,
        u1_0.profile_image_url,
        u1_0.total_earned_checks 
    from
        users u1_0 
    where
        u1_0.id=?
2026-04-09T23:09:13.876+09:00 DEBUG 14620 --- [gonguham-backend] [nio-8080-exec-2] org.hibernate.SQL                        : 
    select
        sm1_0.id,
        sm1_0.joined_at,
        sm1_0.role,
        sm1_0.status,
        sm1_0.study_id,
        sm1_0.user_id 
    from
        study_memberships sm1_0 
    where
        sm1_0.user_id=? 
        and sm1_0.status=?
2026-04-09T23:09:13.878+09:00 DEBUG 14620 --- [gonguham-backend] [nio-8080-exec-2] org.hibernate.SQL                        : 
    select
        s1_0.id,
        s1_0.caution_text,
        s1_0.created_at,
        s1_0.description,
        s1_0.end_date,
        s1_0.end_time,
        s1_0.leader_user_id,
        s1_0.location_text,
        s1_0.location_type,
        s1_0.max_members,
        s1_0.repeat_type,
        s1_0.rules_text,
        s1_0.start_date,
        s1_0.start_time,
        s1_0.status,
        s1_0.supplies_text,
        s1_0.title,
        s1_0.type 
    from
        studies s1_0
2026-04-09T23:09:13.881+09:00 DEBUG 14620 --- [gonguham-backend] [nio-8080-exec-2] org.hibernate.SQL                        : 
    select
        dow1_0.study_id,
        dow1_0.day_of_week 
    from
        study_days_of_week dow1_0 
    where
        dow1_0.study_id=?
2026-04-09T23:09:13.882+09:00 DEBUG 14620 --- [gonguham-backend] [nio-8080-exec-2] org.hibernate.SQL                        : 
    select
        dow1_0.study_id,
        dow1_0.day_of_week 
    from
        study_days_of_week dow1_0 
    where
        dow1_0.study_id=?
2026-04-09T23:09:13.884+09:00 DEBUG 14620 --- [gonguham-backend] [nio-8080-exec-2] org.hibernate.SQL                        : 
    select
        dow1_0.study_id,
        dow1_0.day_of_week 
    from
        study_days_of_week dow1_0 
    where
        dow1_0.study_id=?
2026-04-09T23:09:13.885+09:00 DEBUG 14620 --- [gonguham-backend] [nio-8080-exec-2] org.hibernate.SQL                        : 
    select
        dow1_0.study_id,
        dow1_0.day_of_week 
    from
        study_days_of_week dow1_0 
    where
        dow1_0.study_id=?
2026-04-09T23:09:13.886+09:00 DEBUG 14620 --- [gonguham-backend] [nio-8080-exec-2] org.hibernate.SQL                        : 
    select
        dow1_0.study_id,
        dow1_0.day_of_week 
    from
        study_days_of_week dow1_0 
    where
        dow1_0.study_id=?
2026-04-09T23:09:13.887+09:00 DEBUG 14620 --- [gonguham-backend] [nio-8080-exec-2] org.hibernate.SQL                        : 
    select
        dow1_0.study_id,
        dow1_0.day_of_week 
    from
        study_days_of_week dow1_0 
    where
        dow1_0.study_id=?
2026-04-09T23:09:13.887+09:00 DEBUG 14620 --- [gonguham-backend] [nio-8080-exec-2] org.hibernate.SQL                        : 
    select
        dow1_0.study_id,
        dow1_0.day_of_week 
    from
        study_days_of_week dow1_0 
    where
        dow1_0.study_id=?
2026-04-09T23:09:13.890+09:00 DEBUG 14620 --- [gonguham-backend] [nio-8080-exec-2] org.hibernate.SQL                        : 
    select
        st1_0.id,
        st1_0.name,
        st1_0.study_id 
    from
        study_tags st1_0 
    where
        st1_0.study_id in (?, ?, ?, ?, ?, ?, ?)
2026-04-09T23:09:13.893+09:00 DEBUG 14620 --- [gonguham-backend] [nio-8080-exec-2] org.hibernate.SQL                        : 
    select
        count(sm1_0.id) 
    from
        study_memberships sm1_0 
    where
        sm1_0.study_id=? 
        and sm1_0.status=?
2026-04-09T23:09:13.894+09:00 DEBUG 14620 --- [gonguham-backend] [nio-8080-exec-2] org.hibernate.SQL                        : 
    select
        count(sm1_0.id) 
    from
        study_memberships sm1_0 
    where
        sm1_0.study_id=? 
        and sm1_0.status=?
2026-04-09T23:09:13.895+09:00 DEBUG 14620 --- [gonguham-backend] [nio-8080-exec-2] org.hibernate.SQL                        : 
    select
        count(sm1_0.id) 
    from
        study_memberships sm1_0 
    where
        sm1_0.study_id=? 
        and sm1_0.status=?
2026-04-09T23:09:13.897+09:00 DEBUG 14620 --- [gonguham-backend] [nio-8080-exec-2] org.hibernate.SQL                        : 
    select
        count(sm1_0.id) 
    from
        study_memberships sm1_0 
    where
        sm1_0.study_id=? 
        and sm1_0.status=?
2026-04-09T23:09:13.898+09:00 DEBUG 14620 --- [gonguham-backend] [nio-8080-exec-2] org.hibernate.SQL                        : 
    select
        count(sm1_0.id) 
    from
        study_memberships sm1_0 
    where
        sm1_0.study_id=? 
        and sm1_0.status=?
2026-04-09T23:09:13.899+09:00 DEBUG 14620 --- [gonguham-backend] [nio-8080-exec-2] org.hibernate.SQL                        : 
    select
        count(sm1_0.id) 
    from
        study_memberships sm1_0 
    where
        sm1_0.study_id=? 
        and sm1_0.status=?
2026-04-09T23:09:13.901+09:00 DEBUG 14620 --- [gonguham-backend] [nio-8080-exec-2] org.hibernate.SQL                        : 
    select
        count(sm1_0.id) 
    from
        study_memberships sm1_0 
    where
        sm1_0.study_id=? 
        and sm1_0.status=?
2026-04-09T23:09:38.917+09:00 DEBUG 14620 --- [gonguham-backend] [nio-8080-exec-3] org.hibernate.SQL                        : 
    select
        u1_0.id,
        u1_0.created_at,
        u1_0.current_checks,
        u1_0.email,
        u1_0.level,
        u1_0.nickname,
        u1_0.password_hash,
        u1_0.profile_image_url,
        u1_0.total_earned_checks 
    from
        users u1_0 
    where
        u1_0.id=?
2026-04-09T23:09:38.921+09:00 DEBUG 14620 --- [gonguham-backend] [nio-8080-exec-3] org.hibernate.SQL                        : 
    select
        sm1_0.id,
        sm1_0.joined_at,
        sm1_0.role,
        sm1_0.status,
        sm1_0.study_id,
        sm1_0.user_id 
    from
        study_memberships sm1_0 
    where
        sm1_0.user_id=? 
        and sm1_0.status=?
2026-04-09T23:09:38.924+09:00 DEBUG 14620 --- [gonguham-backend] [nio-8080-exec-3] org.hibernate.SQL                        : 
    select
        s1_0.id,
        s1_0.caution_text,
        s1_0.created_at,
        s1_0.description,
        s1_0.end_date,
        s1_0.end_time,
        s1_0.leader_user_id,
        s1_0.location_text,
        s1_0.location_type,
        s1_0.max_members,
        s1_0.repeat_type,
        s1_0.rules_text,
        s1_0.start_date,
        s1_0.start_time,
        s1_0.status,
        s1_0.supplies_text,
        s1_0.title,
        s1_0.type 
    from
        studies s1_0
2026-04-09T23:09:38.928+09:00 DEBUG 14620 --- [gonguham-backend] [nio-8080-exec-3] org.hibernate.SQL                        : 
    select
        dow1_0.study_id,
        dow1_0.day_of_week 
    from
        study_days_of_week dow1_0 
    where
        dow1_0.study_id=?
2026-04-09T23:09:38.929+09:00 DEBUG 14620 --- [gonguham-backend] [nio-8080-exec-3] org.hibernate.SQL                        : 
    select
        dow1_0.study_id,
        dow1_0.day_of_week 
    from
        study_days_of_week dow1_0 
    where
        dow1_0.study_id=?
2026-04-09T23:09:38.930+09:00 DEBUG 14620 --- [gonguham-backend] [nio-8080-exec-3] org.hibernate.SQL                        : 
    select
        dow1_0.study_id,
        dow1_0.day_of_week 
    from
        study_days_of_week dow1_0 
    where
        dow1_0.study_id=?
2026-04-09T23:09:38.931+09:00 DEBUG 14620 --- [gonguham-backend] [nio-8080-exec-3] org.hibernate.SQL                        : 
    select
        dow1_0.study_id,
        dow1_0.day_of_week 
    from
        study_days_of_week dow1_0 
    where
        dow1_0.study_id=?
2026-04-09T23:09:38.932+09:00 DEBUG 14620 --- [gonguham-backend] [nio-8080-exec-3] org.hibernate.SQL                        : 
    select
        dow1_0.study_id,
        dow1_0.day_of_week 
    from
        study_days_of_week dow1_0 
    where
        dow1_0.study_id=?
2026-04-09T23:09:38.933+09:00 DEBUG 14620 --- [gonguham-backend] [nio-8080-exec-3] org.hibernate.SQL                        : 
    select
        dow1_0.study_id,
        dow1_0.day_of_week 
    from
        study_days_of_week dow1_0 
    where
        dow1_0.study_id=?
2026-04-09T23:09:38.933+09:00 DEBUG 14620 --- [gonguham-backend] [nio-8080-exec-3] org.hibernate.SQL                        : 
    select
        dow1_0.study_id,
        dow1_0.day_of_week 
    from
        study_days_of_week dow1_0 
    where
        dow1_0.study_id=?
2026-04-09T23:09:38.938+09:00 DEBUG 14620 --- [gonguham-backend] [nio-8080-exec-3] org.hibernate.SQL                        : 
    select
        st1_0.id,
        st1_0.name,
        st1_0.study_id 
    from
        study_tags st1_0 
    where
        st1_0.study_id in (?, ?, ?, ?, ?, ?, ?)
2026-04-09T23:09:38.941+09:00 DEBUG 14620 --- [gonguham-backend] [nio-8080-exec-3] org.hibernate.SQL                        : 
    select
        count(sm1_0.id) 
    from
        study_memberships sm1_0 
    where
        sm1_0.study_id=? 
        and sm1_0.status=?
2026-04-09T23:09:38.943+09:00 DEBUG 14620 --- [gonguham-backend] [nio-8080-exec-3] org.hibernate.SQL                        : 
    select
        count(sm1_0.id) 
    from
        study_memberships sm1_0 
    where
        sm1_0.study_id=? 
        and sm1_0.status=?
2026-04-09T23:09:38.944+09:00 DEBUG 14620 --- [gonguham-backend] [nio-8080-exec-3] org.hibernate.SQL                        : 
    select
        count(sm1_0.id) 
    from
        study_memberships sm1_0 
    where
        sm1_0.study_id=? 
        and sm1_0.status=?
2026-04-09T23:09:38.945+09:00 DEBUG 14620 --- [gonguham-backend] [nio-8080-exec-3] org.hibernate.SQL                        : 
    select
        count(sm1_0.id) 
    from
        study_memberships sm1_0 
    where
        sm1_0.study_id=? 
        and sm1_0.status=?
2026-04-09T23:09:38.947+09:00 DEBUG 14620 --- [gonguham-backend] [nio-8080-exec-3] org.hibernate.SQL                        : 
    select
        count(sm1_0.id) 
    from
        study_memberships sm1_0 
    where
        sm1_0.study_id=? 
        and sm1_0.status=?
2026-04-09T23:09:38.948+09:00 DEBUG 14620 --- [gonguham-backend] [nio-8080-exec-3] org.hibernate.SQL                        : 
    select
        count(sm1_0.id) 
    from
        study_memberships sm1_0 
    where
        sm1_0.study_id=? 
        and sm1_0.status=?
2026-04-09T23:09:38.949+09:00 DEBUG 14620 --- [gonguham-backend] [nio-8080-exec-3] org.hibernate.SQL                        : 
    select
        count(sm1_0.id) 
    from
        study_memberships sm1_0 
    where
        sm1_0.study_id=? 
        and sm1_0.status=?
2026-04-09T23:09:38.954+09:00 DEBUG 14620 --- [gonguham-backend] [nio-8080-exec-7] org.hibernate.SQL                        : 
    select
        u1_0.id,
        u1_0.created_at,
        u1_0.current_checks,
        u1_0.email,
        u1_0.level,
        u1_0.nickname,
        u1_0.password_hash,
        u1_0.profile_image_url,
        u1_0.total_earned_checks 
    from
        users u1_0 
    where
        u1_0.id=?
2026-04-09T23:09:38.957+09:00 DEBUG 14620 --- [gonguham-backend] [nio-8080-exec-7] org.hibernate.SQL                        : 
    select
        sm1_0.id,
        sm1_0.joined_at,
        sm1_0.role,
        sm1_0.status,
        sm1_0.study_id,
        sm1_0.user_id 
    from
        study_memberships sm1_0 
    where
        sm1_0.user_id=? 
        and sm1_0.status=?
2026-04-09T23:09:38.959+09:00 DEBUG 14620 --- [gonguham-backend] [nio-8080-exec-7] org.hibernate.SQL                        : 
    select
        s1_0.id,
        s1_0.caution_text,
        s1_0.created_at,
        s1_0.description,
        s1_0.end_date,
        s1_0.end_time,
        s1_0.leader_user_id,
        s1_0.location_text,
        s1_0.location_type,
        s1_0.max_members,
        s1_0.repeat_type,
        s1_0.rules_text,
        s1_0.start_date,
        s1_0.start_time,
        s1_0.status,
        s1_0.supplies_text,
        s1_0.title,
        s1_0.type 
    from
        studies s1_0
2026-04-09T23:09:38.962+09:00 DEBUG 14620 --- [gonguham-backend] [nio-8080-exec-7] org.hibernate.SQL                        : 
    select
        dow1_0.study_id,
        dow1_0.day_of_week 
    from
        study_days_of_week dow1_0 
    where
        dow1_0.study_id=?
2026-04-09T23:09:38.964+09:00 DEBUG 14620 --- [gonguham-backend] [nio-8080-exec-7] org.hibernate.SQL                        : 
    select
        dow1_0.study_id,
        dow1_0.day_of_week 
    from
        study_days_of_week dow1_0 
    where
        dow1_0.study_id=?
2026-04-09T23:09:38.965+09:00 DEBUG 14620 --- [gonguham-backend] [nio-8080-exec-7] org.hibernate.SQL                        : 
    select
        dow1_0.study_id,
        dow1_0.day_of_week 
    from
        study_days_of_week dow1_0 
    where
        dow1_0.study_id=?
2026-04-09T23:09:38.965+09:00 DEBUG 14620 --- [gonguham-backend] [nio-8080-exec-7] org.hibernate.SQL                        : 
    select
        dow1_0.study_id,
        dow1_0.day_of_week 
    from
        study_days_of_week dow1_0 
    where
        dow1_0.study_id=?
2026-04-09T23:09:38.966+09:00 DEBUG 14620 --- [gonguham-backend] [nio-8080-exec-7] org.hibernate.SQL                        : 
    select
        dow1_0.study_id,
        dow1_0.day_of_week 
    from
        study_days_of_week dow1_0 
    where
        dow1_0.study_id=?
2026-04-09T23:09:38.967+09:00 DEBUG 14620 --- [gonguham-backend] [nio-8080-exec-7] org.hibernate.SQL                        : 
    select
        dow1_0.study_id,
        dow1_0.day_of_week 
    from
        study_days_of_week dow1_0 
    where
        dow1_0.study_id=?
2026-04-09T23:09:38.967+09:00 DEBUG 14620 --- [gonguham-backend] [nio-8080-exec-7] org.hibernate.SQL                        : 
    select
        dow1_0.study_id,
        dow1_0.day_of_week 
    from
        study_days_of_week dow1_0 
    where
        dow1_0.study_id=?
2026-04-09T23:09:38.971+09:00 DEBUG 14620 --- [gonguham-backend] [nio-8080-exec-7] org.hibernate.SQL                        : 
    select
        st1_0.id,
        st1_0.name,
        st1_0.study_id 
    from
        study_tags st1_0 
    where
        st1_0.study_id in (?, ?, ?, ?, ?, ?, ?)
2026-04-09T23:09:38.973+09:00 DEBUG 14620 --- [gonguham-backend] [nio-8080-exec-7] org.hibernate.SQL                        : 
    select
        count(sm1_0.id) 
    from
        study_memberships sm1_0 
    where
        sm1_0.study_id=? 
        and sm1_0.status=?
2026-04-09T23:09:38.974+09:00 DEBUG 14620 --- [gonguham-backend] [nio-8080-exec-7] org.hibernate.SQL                        : 
    select
        count(sm1_0.id) 
    from
        study_memberships sm1_0 
    where
        sm1_0.study_id=? 
        and sm1_0.status=?
2026-04-09T23:09:38.975+09:00 DEBUG 14620 --- [gonguham-backend] [nio-8080-exec-7] org.hibernate.SQL                        : 
    select
        count(sm1_0.id) 
    from
        study_memberships sm1_0 
    where
        sm1_0.study_id=? 
        and sm1_0.status=?
2026-04-09T23:09:38.977+09:00 DEBUG 14620 --- [gonguham-backend] [nio-8080-exec-7] org.hibernate.SQL                        : 
    select
        count(sm1_0.id) 
    from
        study_memberships sm1_0 
    where
        sm1_0.study_id=? 
        and sm1_0.status=?
2026-04-09T23:09:38.978+09:00 DEBUG 14620 --- [gonguham-backend] [nio-8080-exec-7] org.hibernate.SQL                        : 
    select
        count(sm1_0.id) 
    from
        study_memberships sm1_0 
    where
        sm1_0.study_id=? 
        and sm1_0.status=?
2026-04-09T23:09:38.979+09:00 DEBUG 14620 --- [gonguham-backend] [nio-8080-exec-7] org.hibernate.SQL                        : 
    select
        count(sm1_0.id) 
    from
        study_memberships sm1_0 
    where
        sm1_0.study_id=? 
        and sm1_0.status=?
2026-04-09T23:09:38.980+09:00 DEBUG 14620 --- [gonguham-backend] [nio-8080-exec-7] org.hibernate.SQL                        : 
    select
        count(sm1_0.id) 
    from
        study_memberships sm1_0 
    where
        sm1_0.study_id=? 
        and sm1_0.status=?
2026-04-09T23:09:39.955+09:00 DEBUG 14620 --- [gonguham-backend] [nio-8080-exec-5] org.hibernate.SQL                        : 
    select
        u1_0.id,
        u1_0.created_at,
        u1_0.current_checks,
        u1_0.email,
        u1_0.level,
        u1_0.nickname,
        u1_0.password_hash,
        u1_0.profile_image_url,
        u1_0.total_earned_checks 
    from
        users u1_0 
    where
        u1_0.id=?
2026-04-09T23:09:39.958+09:00 DEBUG 14620 --- [gonguham-backend] [nio-8080-exec-5] org.hibernate.SQL                        : 
    select
        s1_0.id,
        s1_0.caution_text,
        s1_0.created_at,
        dow1_0.study_id,
        dow1_0.day_of_week,
        s1_0.description,
        s1_0.end_date,
        s1_0.end_time,
        s1_0.leader_user_id,
        s1_0.location_text,
        s1_0.location_type,
        s1_0.max_members,
        s1_0.repeat_type,
        s1_0.rules_text,
        s1_0.start_date,
        s1_0.start_time,
        s1_0.status,
        s1_0.supplies_text,
        s1_0.title,
        s1_0.type 
    from
        studies s1_0 
    left join
        study_days_of_week dow1_0 
            on s1_0.id=dow1_0.study_id 
    where
        s1_0.id=?
2026-04-09T23:09:39.961+09:00 DEBUG 14620 --- [gonguham-backend] [nio-8080-exec-5] org.hibernate.SQL                        : 
    select
        u1_0.id,
        u1_0.created_at,
        u1_0.current_checks,
        u1_0.email,
        u1_0.level,
        u1_0.nickname,
        u1_0.password_hash,
        u1_0.profile_image_url,
        u1_0.total_earned_checks 
    from
        users u1_0 
    where
        u1_0.id=?
2026-04-09T23:09:39.964+09:00 DEBUG 14620 --- [gonguham-backend] [nio-8080-exec-5] org.hibernate.SQL                        : 
    select
        st1_0.id,
        st1_0.name,
        st1_0.study_id 
    from
        study_tags st1_0 
    where
        st1_0.study_id=?
2026-04-09T23:09:39.975+09:00 DEBUG 14620 --- [gonguham-backend] [nio-8080-exec-5] org.hibernate.SQL                        : 
    select
        ss1_0.id,
        ss1_0.attendance_closed_at,
        ss1_0.notice_text,
        ss1_0.place_text,
        ss1_0.scheduled_at,
        ss1_0.session_no,
        ss1_0.session_type,
        ss1_0.study_id,
        ss1_0.title 
    from
        study_sessions ss1_0 
    where
        ss1_0.study_id=? 
    order by
        ss1_0.session_no
2026-04-09T23:09:39.980+09:00 DEBUG 14620 --- [gonguham-backend] [nio-8080-exec-5] org.hibernate.SQL                        : 
    select
        p1_0.id,
        p1_0.author_user_id,
        p1_0.content,
        p1_0.created_at,
        p1_0.study_id,
        p1_0.title,
        p1_0.type,
        p1_0.updated_at 
    from
        posts p1_0 
    where
        p1_0.study_id=? 
    order by
        p1_0.created_at desc
2026-04-09T23:09:39.984+09:00 DEBUG 14620 --- [gonguham-backend] [nio-8080-exec-5] org.hibernate.SQL                        : 
    select
        sm1_0.id,
        sm1_0.joined_at,
        sm1_0.role,
        sm1_0.status,
        sm1_0.study_id,
        sm1_0.user_id 
    from
        study_memberships sm1_0 
    where
        sm1_0.study_id=? 
        and sm1_0.user_id=?
2026-04-09T23:09:39.986+09:00 DEBUG 14620 --- [gonguham-backend] [nio-8080-exec-5] org.hibernate.SQL                        : 
    select
        count(sm1_0.id) 
    from
        study_memberships sm1_0 
    where
        sm1_0.study_id=? 
        and sm1_0.status=?
2026-04-09T23:09:39.988+09:00 DEBUG 14620 --- [gonguham-backend] [nio-8080-exec-5] org.hibernate.SQL                        : 
    select
        u1_0.id,
        u1_0.created_at,
        u1_0.current_checks,
        u1_0.email,
        u1_0.level,
        u1_0.nickname,
        u1_0.password_hash,
        u1_0.profile_image_url,
        u1_0.total_earned_checks 
    from
        users u1_0 
    where
        u1_0.id=?
2026-04-09T23:09:39.991+09:00 DEBUG 14620 --- [gonguham-backend] [nio-8080-exec-5] org.hibernate.SQL                        : 
    select
        u1_0.id,
        u1_0.created_at,
        u1_0.current_checks,
        u1_0.email,
        u1_0.level,
        u1_0.nickname,
        u1_0.password_hash,
        u1_0.profile_image_url,
        u1_0.total_earned_checks 
    from
        users u1_0 
    where
        u1_0.id=?
